-0.040, 0.223, 0.371
-0.040, 0.223, 0.371
-0.041, 0.224, 0.370
-0.039, 0.219, 0.373
-0.039, 0.220, 0.372
-0.039, 0.220, 0.373
-0.039, 0.219, 0.373
-0.038, 0.220, 0.372
-0.039, 0.220, 0.373
-0.039, 0.219, 0.373
-0.039, 0.220, 0.373
-0.041, 0.224, 0.370
-0.041, 0.224, 0.370
-0.039, 0.220, 0.373
-0.039, 0.220, 0.373
-0.039, 0.220, 0.373
-0.041, 0.224, 0.370
-0.041, 0.225, 0.370
-0.039, 0.219, 0.373
-0.039, 0.220, 0.373
-0.039, 0.220, 0.373
-0.038, 0.220, 0.372
-0.038, 0.220, 0.373
-0.039, 0.220, 0.373
-0.039, 0.220, 0.373
-0.038, 0.220, 0.372
-0.038, 0.220, 0.372
-0.039, 0.220, 0.373
-0.039, 0.220, 0.372
-0.038, 0.220, 0.372
-0.039, 0.220, 0.373
-0.039, 0.220, 0.372
-0.039, 0.219, 0.373
-0.039, 0.220, 0.373
-0.038, 0.220, 0.373
-0.039, 0.219, 0.373
-0.039, 0.219, 0.373
-0.039, 0.220, 0.373
-0.039, 0.220, 0.373
-0.039, 0.220, 0.372
-0.041, 0.225, 0.370
-0.039, 0.220, 0.373
-0.039, 0.220, 0.373
-0.038, 0.220, 0.373
-0.039, 0.219, 0.373
-0.038, 0.220, 0.372
-0.038, 0.220, 0.372
-0.039, 0.220, 0.373
-0.039, 0.219, 0.373
-0.039, 0.220, 0.373
-0.039, 0.220, 0.372
-0.038, 0.220, 0.372
-0.038, 0.220, 0.373
-0.038, 0.220, 0.372
-0.039, 0.220, 0.373
-0.038, 0.220, 0.373
-0.039, 0.219, 0.373
-0.039, 0.220, 0.373
-0.039, 0.220, 0.372
-0.039, 0.220, 0.373
-0.039, 0.220, 0.373
-0.038, 0.220, 0.372
-0.038, 0.220, 0.372
-0.039, 0.220, 0.373
-0.039, 0.220, 0.373
-0.038, 0.220, 0.373
-0.038, 0.220, 0.373
-0.038, 0.220, 0.373
-0.038, 0.220, 0.373
-0.038, 0.220, 0.373
-0.038, 0.220, 0.372
-0.038, 0.220, 0.372
-0.039, 0.219, 0.373
-0.038, 0.220, 0.373
-0.040, 0.223, 0.371
-0.038, 0.220, 0.372
-0.038, 0.220, 0.373
-0.039, 0.220, 0.372
-0.039, 0.220, 0.372
-0.041, 0.224, 0.370
-0.038, 0.220, 0.373
-0.038, 0.220, 0.373
-0.038, 0.220, 0.373
-0.038, 0.220, 0.373
-0.038, 0.220, 0.372
-0.038, 0.220, 0.373
-0.038, 0.220, 0.373
-0.038, 0.220, 0.373
-0.038, 0.220, 0.372
-0.039, 0.220, 0.373
-0.039, 0.220, 0.372
-0.038, 0.220, 0.373
-0.038, 0.220, 0.373
-0.038, 0.220, 0.373
-0.039, 0.220, 0.373
-0.038, 0.220, 0.373
-0.039, 0.220, 0.372
-0.038, 0.220, 0.373
-0.038, 0.220, 0.372
-0.038, 0.220, 0.373
-0.038, 0.220, 0.373
-0.038, 0.220, 0.373
-0.038, 0.220, 0.373
-0.038, 0.220, 0.372
-0.038, 0.220, 0.372
-0.038, 0.220, 0.373
-0.038, 0.220, 0.373
-0.038, 0.220, 0.373
-0.038, 0.220, 0.373
-0.039, 0.222, 0.372
-0.038, 0.220, 0.373
-0.038, 0.220, 0.373
-0.039, 0.219, 0.373
-0.038, 0.220, 0.373
-0.038, 0.220, 0.373
-0.038, 0.220, 0.373
-0.038, 0.220, 0.372
-0.038, 0.220, 0.373
-0.039, 0.219, 0.373
-0.038, 0.220, 0.372
-0.039, 0.219, 0.373
-0.039, 0.219, 0.373
-0.039, 0.219, 0.373
-0.039, 0.219, 0.373
-0.039, 0.219, 0.373
-0.039, 0.220, 0.373
-0.039, 0.219, 0.373
-0.038, 0.220, 0.373
-0.038, 0.220, 0.373
-0.038, 0.220, 0.372
-0.038, 0.220, 0.372
-0.039, 0.219, 0.373
-0.038, 0.220, 0.372
-0.038, 0.220, 0.373
-0.038, 0.220, 0.373
-0.038, 0.220, 0.372
-0.038, 0.220, 0.372
-0.038, 0.220, 0.373
-0.038, 0.220, 0.373
-0.039, 0.220, 0.372
-0.039, 0.220, 0.372
-0.039, 0.219, 0.373
-0.038, 0.220, 0.373
-0.038, 0.220, 0.373
-0.038, 0.220, 0.373
-0.038, 0.220, 0.373
-0.038, 0.220, 0.373
-0.038, 0.220, 0.373
-0.039, 0.219, 0.373
-0.038, 0.220, 0.373
-0.038, 0.220, 0.373
-0.038, 0.220, 0.373
-0.038, 0.220, 0.373
-0.039, 0.219, 0.373
-0.038, 0.220, 0.372
-0.038, 0.220, 0.373
-0.039, 0.220, 0.373
-0.039, 0.220, 0.373
-0.038, 0.220, 0.373
-0.038, 0.220, 0.373
-0.038, 0.220, 0.372
-0.039, 0.219, 0.373
-0.038, 0.220, 0.373
-0.038, 0.220, 0.373
-0.038, 0.220, 0.372
-0.038, 0.220, 0.373
-0.038, 0.220, 0.372
-0.039, 0.220, 0.372
-0.039, 0.220, 0.372
-0.039, 0.220, 0.372
-0.038, 0.220, 0.373
-0.038, 0.220, 0.373
-0.038, 0.220, 0.372
-0.038, 0.220, 0.372
-0.038, 0.220, 0.372
-0.038, 0.220, 0.373
-0.038, 0.220, 0.372
-0.038, 0.220, 0.373
-0.038, 0.220, 0.372
-0.038, 0.220, 0.372
-0.038, 0.220, 0.372
-0.038, 0.220, 0.373
-0.039, 0.219, 0.373
-0.038, 0.220, 0.373
-0.038, 0.220, 0.373
-0.038, 0.220, 0.372
-0.038, 0.220, 0.372
-0.038, 0.220, 0.372
-0.038, 0.220, 0.373
-0.039, 0.219, 0.373
-0.039, 0.219, 0.373
-0.039, 0.219, 0.373
-0.038, 0.220, 0.373
-0.039, 0.219, 0.373
-0.039, 0.219, 0.373
-0.039, 0.219, 0.373
-0.039, 0.219, 0.373
-0.038, 0.220, 0.372
-0.038, 0.220, 0.373
-0.039, 0.219, 0.373
-0.039, 0.219, 0.373
-0.038, 0.220, 0.372
-0.038, 0.220, 0.372
-0.039, 0.219, 0.373
-0.039, 0.219, 0.373
-0.038, 0.220, 0.373
-0.038, 0.220, 0.373
-0.038, 0.220, 0.373
-0.038, 0.220, 0.373
-0.038, 0.220, 0.373
-0.038, 0.220, 0.373
-0.038, 0.220, 0.373
-0.039, 0.219, 0.373
-0.038, 0.220, 0.372
-0.038, 0.220, 0.372
-0.038, 0.220, 0.372
-0.038, 0.220, 0.372
-0.039, 0.220, 0.373
-0.038, 0.219, 0.373
-0.038, 0.220, 0.373
-0.038, 0.220, 0.373
-0.039, 0.219, 0.373
-0.039, 0.219, 0.373
-0.039, 0.219, 0.373
-0.039, 0.219, 0.373
-0.039, 0.219, 0.373
-0.038, 0.220, 0.373
-0.038, 0.221, 0.372
-0.038, 0.220, 0.372
-0.038, 0.220, 0.373
-0.038, 0.220, 0.373
-0.038, 0.220, 0.373
-0.039, 0.219, 0.373
-0.038, 0.220, 0.373
-0.038, 0.220, 0.372
-0.038, 0.220, 0.372
-0.038, 0.220, 0.372
-0.039, 0.219, 0.373
-0.038, 0.220, 0.373
-0.038, 0.220, 0.372
-0.039, 0.220, 0.373
-0.039, 0.220, 0.373
-0.039, 0.220, 0.373
-0.039, 0.219, 0.373
-0.039, 0.219, 0.373
-0.041, 0.225, 0.370
-0.040, 0.223, 0.371
-0.039, 0.219, 0.373
-0.038, 0.220, 0.372
-0.039, 0.219, 0.373
-0.039, 0.219, 0.373
-0.039, 0.219, 0.373
-0.038, 0.220, 0.373
-0.039, 0.219, 0.373
-0.038, 0.220, 0.372
-0.038, 0.220, 0.373
-0.038, 0.220, 0.373
-0.038, 0.220, 0.373
-0.039, 0.219, 0.373
-0.038, 0.220, 0.373
-0.038, 0.220, 0.373
-0.039, 0.219, 0.373
-0.039, 0.219, 0.373
-0.039, 0.219, 0.373
-0.038, 0.220, 0.372
-0.038, 0.220, 0.372
-0.038, 0.220, 0.372
-0.038, 0.220, 0.373
-0.038, 0.220, 0.373
-0.038, 0.220, 0.373
-0.038, 0.220, 0.373
-0.038, 0.220, 0.372
-0.038, 0.220, 0.372
-0.039, 0.219, 0.373
-0.039, 0.219, 0.373
-0.039, 0.220, 0.373
-0.040, 0.222, 0.372
-0.038, 0.220, 0.373
-0.038, 0.220, 0.373
-0.039, 0.219, 0.373
-0.038, 0.220, 0.372
-0.039, 0.219, 0.373
-0.039, 0.220, 0.372
-0.039, 0.219, 0.373
-0.039, 0.219, 0.373
-0.038, 0.220, 0.372
-0.039, 0.219, 0.373
-0.039, 0.221, 0.372
-0.038, 0.220, 0.372
-0.038, 0.220, 0.373
-0.038, 0.220, 0.372
-0.039, 0.219, 0.373
-0.039, 0.219, 0.373
-0.038, 0.220, 0.372
-0.039, 0.219, 0.373
-0.039, 0.219, 0.373
-0.039, 0.220, 0.372
-0.038, 0.220, 0.373
-0.038, 0.220, 0.373
-0.038, 0.221, 0.372
-0.039, 0.219, 0.373
-0.039, 0.219, 0.373
-0.039, 0.219, 0.373
-0.039, 0.219, 0.373
-0.039, 0.219, 0.373
-0.039, 0.219, 0.373
-0.038, 0.219, 0.373
-0.038, 0.219, 0.373
-0.038, 0.220, 0.373
-0.040, 0.223, 0.371
-0.038, 0.220, 0.372
-0.038, 0.220, 0.373
-0.038, 0.220, 0.373
-0.036, 0.219, 0.373
-0.036, 0.219, 0.373
-0.039, 0.219, 0.373
-0.039, 0.219, 0.373
-0.038, 0.219, 0.373
-0.038, 0.219, 0.373
-0.038, 0.220, 0.372
-0.039, 0.219, 0.373
-0.039, 0.219, 0.373
-0.038, 0.220, 0.372
-0.038, 0.220, 0.372
-0.038, 0.220, 0.372
-0.039, 0.219, 0.373
-0.039, 0.219, 0.373
-0.039, 0.219, 0.373
-0.040, 0.223, 0.371
-0.038, 0.220, 0.372
-0.038, 0.220, 0.372
-0.038, 0.220, 0.373
-0.038, 0.220, 0.373
-0.039, 0.219, 0.373
-0.040, 0.221, 0.372
-0.040, 0.221, 0.372
-0.040, 0.223, 0.370
-0.041, 0.227, 0.367
-0.041, 0.227, 0.367
-0.042, 0.229, 0.365
-0.042, 0.232, 0.363
-0.042, 0.232, 0.363
-0.043, 0.236, 0.360
-0.042, 0.237, 0.358
-0.042, 0.237, 0.357
-0.041, 0.238, 0.357
-0.041, 0.244, 0.351
-0.041, 0.244, 0.351
-0.039, 0.246, 0.349
-0.038, 0.247, 0.347
-0.038, 0.247, 0.347
-0.037, 0.246, 0.348
-0.034, 0.253, 0.343
-0.033, 0.248, 0.348
-0.032, 0.256, 0.343
-0.032, 0.256, 0.343
-0.032, 0.256, 0.343
-0.031, 0.254, 0.346
-0.031, 0.259, 0.344
-0.031, 0.259, 0.345
-0.031, 0.259, 0.345
-0.031, 0.259, 0.345
-0.032, 0.255, 0.348
-0.031, 0.259, 0.346
-0.031, 0.259, 0.346
-0.031, 0.257, 0.348
-0.031, 0.257, 0.348
-0.031, 0.257, 0.348
-0.030, 0.260, 0.347
-0.031, 0.255, 0.350
-0.031, 0.256, 0.350
-0.031, 0.256, 0.350
-0.031, 0.257, 0.349
-0.031, 0.256, 0.350
-0.031, 0.256, 0.350
-0.030, 0.260, 0.347
-0.031, 0.259, 0.348
-0.031, 0.259, 0.348
-0.030, 0.256, 0.349
-0.030, 0.256, 0.350
-0.030, 0.260, 0.347
-0.030, 0.260, 0.347
-0.030, 0.260, 0.347
-0.030, 0.260, 0.347
-0.030, 0.258, 0.347
-0.030, 0.260, 0.347
-0.030, 0.256, 0.350
-0.030, 0.260, 0.347
-0.030, 0.259, 0.348
-0.030, 0.260, 0.347
-0.030, 0.260, 0.347
-0.030, 0.256, 0.350
-0.030, 0.256, 0.350
-0.030, 0.260, 0.347
-0.030, 0.260, 0.347
-0.029, 0.260, 0.347
-0.029, 0.260, 0.347
-0.029, 0.260, 0.347
-0.029, 0.260, 0.347
-0.029, 0.260, 0.347
-0.030, 0.257, 0.349
-0.030, 0.259, 0.347
-0.030, 0.256, 0.350
-0.029, 0.260, 0.347
-0.030, 0.259, 0.347
-0.030, 0.259, 0.347
-0.029, 0.260, 0.347
-0.030, 0.259, 0.348
-0.029, 0.260, 0.347
-0.029, 0.261, 0.346
-0.030, 0.258, 0.348
-0.030, 0.258, 0.348
-0.029, 0.260, 0.347
-0.029, 0.260, 0.347
-0.030, 0.259, 0.348
-0.029, 0.260, 0.347
-0.030, 0.256, 0.350
-0.030, 0.256, 0.350
-0.029, 0.260, 0.347
-0.029, 0.260, 0.347
-0.029, 0.260, 0.347
-0.029, 0.260, 0.347
-0.029, 0.260, 0.347
-0.029, 0.260, 0.347
-0.029, 0.261, 0.346
-0.029, 0.258, 0.348
-0.030, 0.256, 0.350
-0.029, 0.260, 0.347
-0.029, 0.260, 0.347
-0.030, 0.258, 0.349
-0.030, 0.256, 0.349
-0.029, 0.260, 0.346
-0.029, 0.260, 0.346
-0.028, 0.258, 0.346
-0.028, 0.258, 0.346
-0.026, 0.252, 0.344
-0.025, 0.248, 0.342
-0.025, 0.246, 0.342
-0.025, 0.246, 0.342
-0.024, 0.243, 0.340
-0.024, 0.243, 0.340
-0.023, 0.237, 0.336
-0.025, 0.234, 0.335
-0.025, 0.229, 0.334
-0.025, 0.229, 0.334
-0.025, 0.229, 0.328
-0.027, 0.224, 0.327
-0.027, 0.225, 0.323
-0.027, 0.225, 0.323
-0.027, 0.221, 0.321
-0.027, 0.221, 0.321
-0.029, 0.214, 0.317
-0.029, 0.216, 0.313
-0.029, 0.214, 0.310
-0.029, 0.214, 0.310
-0.030, 0.210, 0.308
-0.031, 0.209, 0.302
-0.031, 0.209, 0.300
-0.031, 0.208, 0.297
-0.031, 0.208, 0.296
-0.031, 0.204, 0.294
-0.031, 0.207, 0.289
-0.031, 0.207, 0.287
-0.030, 0.207, 0.286
-0.030, 0.207, 0.286
-0.031, 0.203, 0.286
-0.030, 0.203, 0.280
-0.030, 0.203, 0.277
-0.030, 0.204, 0.275
-0.030, 0.204, 0.275
-0.031, 0.202, 0.277
-0.031, 0.205, 0.274
-0.031, 0.205, 0.274
-0.031, 0.205, 0.274
-0.031, 0.204, 0.275
-0.031, 0.204, 0.275
-0.031, 0.205, 0.275
-0.031, 0.206, 0.275
-0.031, 0.206, 0.276
-0.032, 0.202, 0.279
-0.032, 0.202, 0.279
-0.031, 0.206, 0.278
-0.031, 0.206, 0.278
-0.031, 0.206, 0.278
-0.032, 0.205, 0.279
-0.032, 0.205, 0.279
-0.032, 0.202, 0.281
-0.031, 0.206, 0.279
-0.032, 0.203, 0.281
-0.032, 0.203, 0.281
-0.032, 0.203, 0.281
-0.032, 0.203, 0.281
-0.031, 0.206, 0.279
-0.031, 0.203, 0.281
-0.031, 0.206, 0.279
-0.031, 0.206, 0.279
-0.031, 0.206, 0.279
-0.031, 0.206, 0.279
-0.031, 0.207, 0.279
-0.031, 0.206, 0.279
-0.031, 0.206, 0.279
-0.031, 0.203, 0.281
-0.031, 0.203, 0.281
-0.030, 0.206, 0.279
-0.031, 0.206, 0.280
-0.031, 0.203, 0.282
-0.031, 0.204, 0.281
-0.031, 0.204, 0.281
-0.030, 0.207, 0.279
-0.030, 0.207, 0.279
-0.031, 0.203, 0.281
-0.030, 0.206, 0.279
-0.031, 0.203, 0.282
-0.031, 0.203, 0.282
-0.030, 0.206, 0.279
-0.030, 0.206, 0.279
-0.030, 0.206, 0.279
-0.030, 0.206, 0.279
-0.030, 0.206, 0.279
-0.031, 0.203, 0.281
-0.030, 0.206, 0.279
-0.030, 0.205, 0.280
-0.031, 0.203, 0.281
-0.031, 0.203, 0.281
-0.030, 0.205, 0.280
-0.030, 0.206, 0.279
-0.031, 0.203, 0.281
-0.030, 0.204, 0.280
-0.031, 0.203, 0.281
-0.031, 0.203, 0.281
-0.030, 0.206, 0.279
-0.031, 0.204, 0.281
-0.030, 0.206, 0.280
-0.030, 0.206, 0.280
-0.030, 0.206, 0.280
-0.030, 0.206, 0.279
-0.030, 0.206, 0.278
-0.030, 0.206, 0.280
-0.030, 0.206, 0.280
-0.030, 0.206, 0.280
-0.030, 0.206, 0.279
-0.030, 0.207, 0.279
-0.030, 0.206, 0.279
-0.031, 0.203, 0.282
-0.031, 0.203, 0.282
-0.031, 0.203, 0.282
-0.030, 0.206, 0.279
-0.030, 0.206, 0.279
-0.031, 0.203, 0.282
-0.031, 0.203, 0.281
-0.031, 0.203, 0.281
-0.030, 0.206, 0.279
-0.030, 0.206, 0.279
-0.030, 0.205, 0.280
-0.030, 0.206, 0.280
-0.031, 0.203, 0.282
-0.031, 0.204, 0.281
-0.031, 0.204, 0.281
-0.031, 0.203, 0.282
-0.030, 0.206, 0.279
-0.030, 0.206, 0.279
-0.031, 0.203, 0.281
-0.031, 0.203, 0.281
-0.030, 0.205, 0.280
-0.030, 0.206, 0.279
-0.030, 0.206, 0.279
-0.030, 0.205, 0.280
-0.031, 0.203, 0.281
-0.031, 0.203, 0.281
-0.030, 0.206, 0.279
-0.031, 0.203, 0.281
-0.031, 0.203, 0.281
-0.030, 0.206, 0.279
-0.030, 0.206, 0.279
-0.030, 0.206, 0.279
-0.030, 0.206, 0.279
-0.031, 0.205, 0.281
-0.030, 0.206, 0.279
-0.031, 0.203, 0.281
-0.031, 0.203, 0.281
-0.031, 0.203, 0.281
-0.030, 0.207, 0.279
-0.031, 0.203, 0.281
-0.030, 0.206, 0.280
-0.030, 0.206, 0.280
-0.031, 0.204, 0.281
-0.030, 0.206, 0.279
-0.031, 0.203, 0.281
-0.030, 0.206, 0.279
-0.030, 0.206, 0.279
-0.030, 0.207, 0.279
-0.030, 0.203, 0.281
-0.030, 0.204, 0.280
-0.030, 0.206, 0.279
-0.030, 0.206, 0.279
-0.031, 0.204, 0.281
-0.031, 0.203, 0.282
-0.030, 0.206, 0.278
-0.030, 0.206, 0.279
-0.030, 0.206, 0.279
-0.030, 0.207, 0.279
-0.030, 0.206, 0.279
-0.030, 0.206, 0.279
-0.030, 0.206, 0.279
-0.030, 0.206, 0.279
-0.030, 0.205, 0.279
-0.030, 0.206, 0.279
-0.031, 0.203, 0.281
-0.030, 0.206, 0.278
-0.030, 0.206, 0.279
-0.031, 0.203, 0.282
-0.030, 0.206, 0.279
-0.030, 0.207, 0.279
-0.030, 0.206, 0.279
-0.030, 0.206, 0.279
-0.030, 0.205, 0.280
-0.031, 0.204, 0.281
-0.031, 0.203, 0.282
-0.031, 0.203, 0.282
-0.031, 0.204, 0.281
-0.031, 0.204, 0.281
-0.030, 0.206, 0.279
-0.030, 0.206, 0.279
-0.031, 0.203, 0.282
-0.031, 0.203, 0.282
-0.031, 0.204, 0.281
-0.030, 0.206, 0.279
-0.030, 0.206, 0.279
-0.030, 0.207, 0.279
-0.030, 0.203, 0.281
-0.030, 0.203, 0.281
-0.031, 0.205, 0.280
-0.031, 0.204, 0.281
-0.031, 0.204, 0.281
-0.031, 0.204, 0.281
-0.030, 0.206, 0.279
-0.030, 0.206, 0.279
-0.030, 0.206, 0.279
-0.030, 0.206, 0.279
-0.030, 0.206, 0.279
-0.030, 0.206, 0.279
-0.030, 0.207, 0.279
-0.030, 0.207, 0.279
-0.030, 0.207, 0.279
-0.030, 0.207, 0.279
-0.031, 0.203, 0.282
-0.030, 0.207, 0.279
-0.030, 0.206, 0.280
-0.031, 0.206, 0.279
-0.030, 0.206, 0.279
-0.031, 0.205, 0.281
-0.031, 0.205, 0.281
-0.031, 0.203, 0.282
-0.030, 0.206, 0.280
-0.031, 0.203, 0.282
-0.031, 0.203, 0.282
-0.030, 0.206, 0.279
-0.031, 0.204, 0.280
-0.031, 0.203, 0.281
-0.030, 0.206, 0.279
-0.030, 0.206, 0.279
-0.030, 0.206, 0.279
-0.030, 0.207, 0.279
-0.031, 0.204, 0.281
-0.030, 0.206, 0.279
-0.030, 0.206, 0.279
-0.030, 0.206, 0.279
-0.031, 0.204, 0.281
-0.030, 0.206, 0.279
-0.030, 0.206, 0.279
-0.031, 0.203, 0.281
-0.031, 0.203, 0.281
-0.031, 0.203, 0.281
-0.030, 0.206, 0.279
-0.031, 0.203, 0.281
-0.030, 0.207, 0.279
-0.030, 0.207, 0.279
-0.030, 0.206, 0.279
-0.030, 0.206, 0.279
-0.031, 0.204, 0.281
-0.030, 0.207, 0.279
-0.030, 0.207, 0.279
-0.031, 0.205, 0.281
-0.031, 0.205, 0.281
-0.030, 0.206, 0.279
-0.033, 0.203, 0.281
-0.031, 0.203, 0.282
-0.030, 0.206, 0.279
-0.030, 0.206, 0.279
-0.030, 0.206, 0.279
-0.030, 0.206, 0.279
-0.030, 0.206, 0.280
-0.031, 0.203, 0.282
-0.030, 0.206, 0.279
-0.030, 0.206, 0.279
-0.030, 0.206, 0.279
-0.030, 0.206, 0.279
-0.031, 0.206, 0.280
-0.030, 0.206, 0.279
-0.031, 0.204, 0.281
-0.031, 0.204, 0.281
-0.030, 0.206, 0.279
-0.030, 0.206, 0.279
-0.031, 0.204, 0.281
-0.031, 0.205, 0.280
-0.031, 0.203, 0.281
-0.031, 0.203, 0.282
-0.031, 0.203, 0.282
-0.030, 0.206, 0.280
-0.030, 0.207, 0.279
-0.030, 0.207, 0.279
-0.031, 0.205, 0.281
-0.031, 0.205, 0.281
-0.030, 0.207, 0.279
-0.030, 0.206, 0.279
-0.031, 0.203, 0.282
-0.031, 0.203, 0.282
-0.031, 0.203, 0.282
-0.030, 0.205, 0.280
-0.030, 0.205, 0.280
-0.031, 0.204, 0.281
-0.030, 0.206, 0.279
-0.031, 0.206, 0.279
-0.030, 0.206, 0.278
-0.030, 0.206, 0.278
-0.030, 0.206, 0.278
-0.031, 0.204, 0.279
-0.030, 0.205, 0.274
-0.032, 0.204, 0.273
-0.030, 0.204, 0.272
-0.030, 0.204, 0.272
-0.032, 0.203, 0.271
-0.033, 0.203, 0.267
-0.033, 0.203, 0.266
-0.034, 0.200, 0.266
-0.033, 0.201, 0.265
-0.033, 0.201, 0.265
-0.034, 0.200, 0.264
-0.029, 0.201, 0.257
-0.028, 0.201, 0.254
-0.027, 0.201, 0.252
-0.027, 0.201, 0.252
-0.029, 0.198, 0.252
-0.030, 0.200, 0.246
-0.029, 0.197, 0.246
-0.029, 0.197, 0.244
-0.029, 0.197, 0.243
-0.029, 0.197, 0.243
-0.029, 0.196, 0.241
-0.028, 0.196, 0.234
-0.033, 0.193, 0.237
-0.028, 0.198, 0.231
-0.028, 0.198, 0.231
-0.032, 0.194, 0.235
-0.032, 0.194, 0.235
-0.032, 0.194, 0.235
-0.032, 0.196, 0.234
-0.031, 0.196, 0.234
-0.031, 0.196, 0.234
-0.031, 0.193, 0.237
-0.032, 0.194, 0.236
-0.032, 0.194, 0.236
-0.032, 0.194, 0.236
-0.032, 0.194, 0.236
-0.032, 0.194, 0.236
-0.032, 0.194, 0.236
-0.032, 0.194, 0.236
-0.032, 0.194, 0.236
-0.032, 0.194, 0.236
-0.032, 0.194, 0.236
-0.031, 0.193, 0.237
-0.032, 0.194, 0.236
-0.032, 0.194, 0.236
-0.032, 0.193, 0.237
-0.032, 0.194, 0.236
-0.032, 0.194, 0.236
-0.032, 0.194, 0.236
-0.032, 0.193, 0.236
-0.032, 0.194, 0.236
-0.032, 0.192, 0.237
-0.032, 0.193, 0.237
-0.032, 0.193, 0.237
-0.031, 0.192, 0.237
-0.032, 0.194, 0.236
-0.032, 0.194, 0.236
-0.032, 0.192, 0.237
-0.032, 0.192, 0.237
-0.032, 0.192, 0.237
-0.032, 0.194, 0.236
-0.032, 0.194, 0.236
-0.032, 0.192, 0.237
-0.032, 0.194, 0.236
-0.032, 0.194, 0.236
-0.032, 0.194, 0.236
-0.032, 0.192, 0.237
-0.032, 0.194, 0.236
-0.032, 0.193, 0.236
-0.032, 0.194, 0.236
-0.032, 0.194, 0.236
-0.032, 0.194, 0.236
-0.032, 0.194, 0.236
-0.032, 0.194, 0.236
-0.032, 0.194, 0.236
-0.032, 0.194, 0.236
-0.031, 0.192, 0.237
-0.032, 0.194, 0.236
-0.032, 0.194, 0.236
-0.032, 0.194, 0.236
-0.032, 0.194, 0.236
-0.032, 0.194, 0.236
-0.032, 0.194, 0.236
-0.032, 0.194, 0.236
-0.032, 0.194, 0.236
-0.032, 0.193, 0.236
-0.032, 0.194, 0.236
-0.032, 0.194, 0.236
-0.032, 0.194, 0.236
-0.032, 0.194, 0.236
-0.032, 0.194, 0.236
-0.032, 0.194, 0.236
-0.032, 0.194, 0.236
-0.032, 0.194, 0.236
-0.032, 0.194, 0.236
-0.032, 0.194, 0.236
-0.032, 0.194, 0.236
-0.032, 0.194, 0.236
-0.032, 0.194, 0.236
-0.032, 0.194, 0.236
-0.032, 0.194, 0.236
-0.032, 0.194, 0.236
-0.032, 0.194, 0.236
-0.032, 0.194, 0.236
-0.032, 0.194, 0.236
-0.032, 0.193, 0.237
-0.032, 0.194, 0.236
-0.032, 0.194, 0.236
-0.032, 0.194, 0.236
-0.032, 0.194, 0.236
-0.032, 0.194, 0.236
-0.032, 0.194, 0.236
-0.032, 0.194, 0.236
-0.032, 0.193, 0.236
-0.032, 0.193, 0.236
-0.032, 0.194, 0.236
-0.032, 0.194, 0.236
-0.032, 0.194, 0.236
-0.032, 0.192, 0.237
-0.032, 0.194, 0.236
-0.032, 0.194, 0.236
-0.032, 0.194, 0.236
-0.032, 0.194, 0.236
-0.032, 0.194, 0.236
-0.032, 0.194, 0.236
-0.032, 0.194, 0.236
-0.032, 0.194, 0.236
-0.032, 0.194, 0.236
-0.032, 0.194, 0.236
-0.032, 0.193, 0.237
-0.032, 0.194, 0.236
-0.032, 0.194, 0.236
-0.032, 0.194, 0.236
-0.032, 0.194, 0.236
-0.032, 0.194, 0.236
-0.032, 0.194, 0.236
-0.033, 0.194, 0.236
-0.032, 0.194, 0.236
-0.032, 0.194, 0.236
-0.032, 0.194, 0.236
-0.032, 0.194, 0.236
-0.032, 0.194, 0.236
-0.032, 0.194, 0.236
-0.032, 0.194, 0.236
-0.032, 0.194, 0.236
-0.032, 0.194, 0.236
-0.033, 0.194, 0.236
-0.033, 0.193, 0.236
-0.033, 0.194, 0.236
-0.033, 0.194, 0.236
-0.033, 0.194, 0.236
-0.032, 0.194, 0.236
-0.032, 0.194, 0.236
-0.032, 0.194, 0.236
-0.032, 0.194, 0.236
-0.033, 0.194, 0.236
-0.032, 0.194, 0.236
-0.033, 0.194, 0.236
-0.033, 0.193, 0.236
-0.032, 0.193, 0.237
-0.032, 0.193, 0.237
-0.032, 0.194, 0.236
-0.033, 0.194, 0.236
-0.032, 0.194, 0.236
-0.032, 0.194, 0.236
-0.032, 0.194, 0.236
-0.033, 0.194, 0.236
-0.032, 0.193, 0.236
-0.033, 0.194, 0.236
-0.033, 0.194, 0.236
-0.032, 0.194, 0.236
-0.032, 0.194, 0.236
-0.033, 0.194, 0.236
-0.033, 0.194, 0.236
-0.033, 0.194, 0.236
-0.032, 0.194, 0.236
-0.033, 0.194, 0.236
-0.033, 0.194, 0.236
-0.033, 0.194, 0.236
-0.033, 0.194, 0.236
-0.032, 0.194, 0.236
-0.032, 0.194, 0.236
-0.032, 0.194, 0.236
-0.033, 0.193, 0.236
-0.032, 0.194, 0.236
-0.033, 0.194, 0.236
-0.033, 0.194, 0.236
-0.033, 0.194, 0.236
-0.032, 0.194, 0.236
-0.033, 0.194, 0.236
-0.033, 0.194, 0.236
-0.032, 0.194, 0.236
-0.032, 0.194, 0.236
-0.035, 0.191, 0.239
-0.035, 0.191, 0.239
-0.027, 0.196, 0.238
-0.028, 0.196, 0.240
-0.027, 0.197, 0.241
-0.027, 0.197, 0.242
-0.027, 0.197, 0.245
-0.027, 0.197, 0.244
-0.028, 0.198, 0.247
-0.027, 0.198, 0.249
-0.027, 0.198, 0.249
-0.027, 0.199, 0.251
-0.027, 0.200, 0.255
-0.027, 0.200, 0.258
-0.027, 0.200, 0.260
-0.027, 0.201, 0.260
-0.029, 0.201, 0.263
-0.026, 0.202, 0.266
-0.027, 0.202, 0.267
-0.027, 0.203, 0.269
-0.030, 0.202, 0.272
-0.030, 0.202, 0.272
-0.033, 0.201, 0.275
-0.032, 0.203, 0.281
-0.032, 0.203, 0.283
-0.032, 0.204, 0.285
-0.032, 0.204, 0.286
-0.032, 0.204, 0.286
-0.033, 0.203, 0.290
-0.031, 0.206, 0.293
-0.031, 0.206, 0.296
-0.031, 0.207, 0.299
-0.031, 0.207, 0.299
-0.031, 0.208, 0.302
-0.031, 0.209, 0.306
-0.031, 0.209, 0.309
-0.031, 0.210, 0.311
-0.030, 0.210, 0.312
-0.030, 0.210, 0.312
-0.030, 0.210, 0.315
-0.030, 0.212, 0.321
-0.030, 0.213, 0.324
-0.030, 0.214, 0.326
-0.030, 0.214, 0.327
-0.030, 0.214, 0.327
-0.030, 0.215, 0.333
-0.029, 0.216, 0.335
-0.029, 0.217, 0.339
-0.029, 0.217, 0.339
-0.029, 0.218, 0.341
-0.028, 0.219, 0.347
-0.028, 0.220, 0.349
-0.028, 0.221, 0.352
-0.028, 0.221, 0.352
-0.028, 0.221, 0.352
-0.028, 0.223, 0.358
-0.028, 0.223, 0.361
-0.028, 0.224, 0.364
-0.028, 0.224, 0.364
-0.028, 0.225, 0.366
-0.027, 0.226, 0.371
-0.020, 0.229, 0.370
-0.025, 0.227, 0.371
-0.027, 0.227, 0.372
-0.027, 0.227, 0.372
-0.026, 0.227, 0.373
-0.026, 0.227, 0.373
-0.026, 0.227, 0.372
-0.019, 0.229, 0.370
-0.023, 0.228, 0.371
-0.026, 0.226, 0.371
-0.026, 0.227, 0.371
-0.025, 0.226, 0.370
-0.025, 0.226, 0.370
-0.025, 0.226, 0.370
-0.025, 0.226, 0.370
-0.024, 0.227, 0.369
-0.024, 0.226, 0.369
-0.024, 0.226, 0.368
-0.024, 0.226, 0.368
-0.024, 0.226, 0.368
-0.024, 0.226, 0.368
-0.024, 0.226, 0.368
-0.024, 0.226, 0.368
-0.024, 0.226, 0.368
-0.024, 0.226, 0.368
-0.024, 0.226, 0.367
-0.024, 0.227, 0.367
-0.024, 0.226, 0.367
-0.024, 0.226, 0.368
-0.024, 0.226, 0.368
-0.024, 0.226, 0.368
-0.024, 0.226, 0.367
-0.024, 0.227, 0.367
-0.017, 0.229, 0.366
-0.019, 0.228, 0.366
-0.024, 0.226, 0.367
-0.024, 0.226, 0.367
-0.024, 0.226, 0.368
-0.024, 0.226, 0.368
-0.024, 0.226, 0.367
-0.024, 0.226, 0.367
-0.024, 0.226, 0.367
-0.023, 0.227, 0.367
-0.024, 0.226, 0.367
-0.024, 0.226, 0.367
-0.024, 0.226, 0.367
-0.024, 0.226, 0.367
-0.024, 0.226, 0.367
-0.024, 0.226, 0.368
-0.024, 0.226, 0.367
-0.024, 0.226, 0.367
-0.024, 0.226, 0.367
-0.024, 0.226, 0.368
-0.017, 0.229, 0.366
-0.024, 0.227, 0.367
-0.023, 0.227, 0.367
-0.023, 0.227, 0.367
-0.023, 0.227, 0.367
-0.023, 0.227, 0.367
-0.023, 0.227, 0.367
-0.023, 0.227, 0.367
-0.023, 0.227, 0.367
-0.023, 0.227, 0.367
-0.023, 0.227, 0.367
-0.023, 0.227, 0.367
-0.023, 0.227, 0.367
-0.023, 0.227, 0.367
-0.023, 0.227, 0.367
-0.023, 0.227, 0.367
-0.023, 0.227, 0.367
-0.023, 0.227, 0.367
-0.023, 0.227, 0.367
-0.023, 0.227, 0.367
-0.023, 0.227, 0.367
-0.023, 0.227, 0.367
-0.023, 0.227, 0.367
-0.023, 0.227, 0.367
-0.023, 0.227, 0.367
-0.023, 0.227, 0.367
-0.023, 0.227, 0.367
-0.023, 0.227, 0.367
-0.023, 0.227, 0.367
-0.023, 0.227, 0.367
-0.023, 0.227, 0.367
-0.023, 0.226, 0.367
-0.023, 0.227, 0.367
-0.023, 0.227, 0.367
-0.023, 0.227, 0.367
-0.023, 0.227, 0.367
-0.023, 0.227, 0.367
-0.026, 0.220, 0.372
-0.024, 0.225, 0.369
-0.023, 0.227, 0.367
-0.023, 0.227, 0.367
-0.023, 0.227, 0.367
-0.023, 0.227, 0.367
-0.023, 0.227, 0.367
-0.023, 0.227, 0.367
-0.023, 0.227, 0.367
-0.023, 0.227, 0.367
-0.023, 0.227, 0.367
-0.023, 0.227, 0.367
-0.023, 0.227, 0.367
-0.023, 0.227, 0.367
-0.023, 0.227, 0.367
-0.023, 0.227, 0.367
-0.023, 0.227, 0.367
-0.023, 0.227, 0.367
-0.023, 0.227, 0.367
-0.023, 0.227, 0.367
-0.023, 0.227, 0.367
-0.023, 0.227, 0.367
-0.023, 0.227, 0.367
-0.023, 0.227, 0.367
-0.023, 0.227, 0.367
-0.023, 0.227, 0.367
-0.023, 0.227, 0.367
-0.023, 0.227, 0.367
-0.023, 0.227, 0.367
-0.023, 0.227, 0.367
-0.023, 0.227, 0.367
-0.023, 0.227, 0.367
-0.023, 0.227, 0.367
-0.023, 0.227, 0.367
-0.023, 0.227, 0.367
-0.023, 0.227, 0.367
-0.023, 0.227, 0.367
-0.023, 0.227, 0.367
-0.023, 0.227, 0.367
-0.023, 0.227, 0.367
-0.023, 0.227, 0.367
-0.023, 0.227, 0.367
-0.023, 0.227, 0.367
-0.023, 0.227, 0.367
-0.023, 0.227, 0.367
-0.023, 0.227, 0.367
-0.023, 0.227, 0.367
-0.023, 0.227, 0.367
-0.023, 0.227, 0.367
-0.023, 0.226, 0.367
-0.023, 0.227, 0.367
-0.023, 0.227, 0.367
-0.023, 0.227, 0.367
-0.023, 0.227, 0.367
-0.023, 0.227, 0.367
-0.023, 0.227, 0.367
-0.023, 0.227, 0.367
-0.023, 0.227, 0.367
-0.023, 0.227, 0.367
-0.023, 0.227, 0.367
-0.023, 0.227, 0.367
-0.023, 0.227, 0.367
-0.023, 0.227, 0.367
-0.023, 0.227, 0.367
-0.023, 0.227, 0.367
-0.023, 0.227, 0.367
-0.023, 0.227, 0.367
-0.023, 0.227, 0.367
-0.023, 0.227, 0.367
-0.023, 0.227, 0.367
-0.024, 0.227, 0.367
-0.023, 0.227, 0.367
-0.023, 0.227, 0.367
-0.023, 0.227, 0.367
-0.023, 0.227, 0.367
-0.023, 0.227, 0.367
-0.023, 0.227, 0.367
-0.023, 0.227, 0.367
-0.023, 0.227, 0.367
-0.023, 0.227, 0.367
-0.023, 0.227, 0.367
-0.023, 0.227, 0.367
-0.023, 0.227, 0.367
-0.023, 0.227, 0.367
-0.023, 0.227, 0.367
-0.023, 0.227, 0.367
-0.023, 0.227, 0.367
-0.023, 0.227, 0.367
-0.023, 0.227, 0.367
-0.023, 0.227, 0.367
-0.023, 0.227, 0.367
-0.023, 0.227, 0.367
-0.023, 0.227, 0.367
-0.023, 0.227, 0.367
-0.023, 0.227, 0.367
-0.023, 0.227, 0.367
-0.023, 0.227, 0.367
-0.023, 0.227, 0.367
-0.023, 0.227, 0.367
-0.023, 0.227, 0.367
-0.023, 0.227, 0.367
-0.023, 0.227, 0.367
-0.023, 0.227, 0.367
-0.023, 0.227, 0.367
-0.023, 0.227, 0.367
-0.023, 0.227, 0.367
-0.023, 0.227, 0.367
-0.023, 0.227, 0.367
-0.023, 0.227, 0.367
-0.023, 0.227, 0.367
-0.023, 0.227, 0.367
-0.023, 0.227, 0.367
-0.023, 0.227, 0.367
-0.023, 0.227, 0.367
-0.023, 0.227, 0.367
-0.023, 0.227, 0.367
-0.023, 0.227, 0.367
-0.024, 0.226, 0.368
-0.024, 0.226, 0.368
-0.023, 0.227, 0.367
-0.023, 0.227, 0.367
-0.024, 0.226, 0.368
-0.023, 0.227, 0.367
-0.023, 0.227, 0.367
-0.023, 0.227, 0.367
-0.024, 0.227, 0.368
-0.023, 0.227, 0.367
-0.023, 0.227, 0.367
-0.023, 0.227, 0.367
-0.023, 0.227, 0.367
-0.023, 0.227, 0.367
-0.023, 0.227, 0.367
-0.023, 0.226, 0.367
-0.023, 0.227, 0.367
-0.023, 0.227, 0.367
-0.024, 0.227, 0.367
-0.024, 0.227, 0.367
-0.023, 0.227, 0.367
-0.023, 0.227, 0.367
-0.023, 0.227, 0.367
-0.023, 0.227, 0.367
-0.023, 0.227, 0.367
-0.024, 0.227, 0.368
-0.023, 0.227, 0.367
-0.023, 0.227, 0.367
-0.023, 0.227, 0.367
-0.023, 0.227, 0.367
-0.023, 0.227, 0.367
-0.024, 0.227, 0.367
-0.024, 0.226, 0.368
-0.024, 0.226, 0.368
-0.023, 0.227, 0.367
-0.023, 0.227, 0.367
-0.023, 0.227, 0.367
-0.024, 0.226, 0.367
-0.024, 0.227, 0.367
-0.024, 0.226, 0.367
-0.023, 0.227, 0.367
-0.023, 0.227, 0.367
-0.023, 0.227, 0.367
-0.023, 0.227, 0.367
-0.023, 0.227, 0.367
-0.023, 0.227, 0.367
-0.023, 0.227, 0.367
-0.024, 0.226, 0.367
-0.024, 0.227, 0.367
-0.024, 0.227, 0.367
-0.023, 0.227, 0.367
-0.023, 0.227, 0.367
-0.024, 0.227, 0.368
-0.024, 0.227, 0.368
-0.024, 0.227, 0.368
-0.024, 0.227, 0.367
-0.024, 0.227, 0.367
-0.023, 0.227, 0.367
-0.023, 0.227, 0.367
-0.023, 0.227, 0.367
-0.023, 0.227, 0.367
-0.024, 0.227, 0.367
-0.023, 0.227, 0.367
-0.024, 0.227, 0.367
-0.024, 0.226, 0.367
-0.023, 0.227, 0.367
-0.023, 0.227, 0.367
-0.023, 0.227, 0.367
-0.023, 0.227, 0.367
-0.023, 0.227, 0.367
-0.024, 0.226, 0.368
-0.024, 0.226, 0.368
-0.024, 0.226, 0.367
-0.024, 0.227, 0.367
-0.024, 0.227, 0.367
-0.024, 0.227, 0.368
-0.024, 0.227, 0.368
-0.024, 0.227, 0.367
-0.024, 0.226, 0.368
-0.024, 0.227, 0.367
-0.024, 0.227, 0.368
-0.024, 0.227, 0.367
-0.024, 0.227, 0.367
-0.024, 0.227, 0.367
-0.024, 0.227, 0.367
-0.024, 0.226, 0.368
-0.024, 0.227, 0.367
-0.024, 0.227, 0.367
